build/app/intermediates/manifest_merge_blame_file/debug/processDebugMainManifest/manifest-merger-blame-debug-report.txt
1<?xml version="1.0" encoding="utf-8"?>
2<manifest xmlns:android="http://schemas.android.com/apk/res/android"
3    package="com.example.features"
4    android:versionCode="1"
5    android:versionName="1.0.0" >
6
7    <uses-sdk
8        android:minSdkVersion="24"
9        android:targetSdkVersion="36" />
10    <!--
11         The INTERNET permission is required for development. Specifically,
12         the Flutter tool needs it to communicate with the running application
13         to allow setting breakpoints, to provide hot reload, etc.
14    -->
15    <uses-permission android:name="android.permission.INTERNET" />
15-->src\debug\AndroidManifest.xml:6:5-66
15-->src\debug\AndroidManifest.xml:6:22-64
16    <!-- Location permissions (required for Bluetooth scanning on Android) -->
17    <uses-permission android:name="android.permission.ACCESS_FINE_LOCATION" />
17-->src\main\AndroidManifest.xml:3:5-79
17-->src\main\AndroidManifest.xml:3:22-76
18    <uses-permission android:name="android.permission.ACCESS_COARSE_LOCATION" /> <!-- Bluetooth permissions for Android 12+ (API 31+) -->
18-->src\main\AndroidManifest.xml:4:5-81
18-->src\main\AndroidManifest.xml:4:22-78
19    <uses-permission
19-->src\main\AndroidManifest.xml:7:5-8:58
20        android:name="android.permission.BLUETOOTH_SCAN"
20-->src\main\AndroidManifest.xml:7:22-70
21        android:usesPermissionFlags="neverForLocation" />
21-->src\main\AndroidManifest.xml:8:9-55
22    <uses-permission android:name="android.permission.BLUETOOTH_CONNECT" />
22-->src\main\AndroidManifest.xml:9:5-76
22-->src\main\AndroidManifest.xml:9:22-73
23    <uses-permission android:name="android.permission.BLUETOOTH_ADVERTISE" /> <!-- Bluetooth permissions for older Android versions -->
23-->src\main\AndroidManifest.xml:10:5-78
23-->src\main\AndroidManifest.xml:10:22-75
24    <uses-permission
24-->src\main\AndroidManifest.xml:13:5-14:38
25        android:name="android.permission.BLUETOOTH"
25-->src\main\AndroidManifest.xml:13:22-65
26        android:maxSdkVersion="30" />
26-->src\main\AndroidManifest.xml:14:9-35
27    <uses-permission
27-->src\main\AndroidManifest.xml:15:5-16:38
28        android:name="android.permission.BLUETOOTH_ADMIN"
28-->src\main\AndroidManifest.xml:15:22-71
29        android:maxSdkVersion="30" /> <!-- Declare Bluetooth feature -->
29-->src\main\AndroidManifest.xml:16:9-35
30    <uses-feature
30-->src\main\AndroidManifest.xml:19:5-88
31        android:name="android.hardware.bluetooth"
31-->src\main\AndroidManifest.xml:19:19-60
32        android:required="false" />
32-->src\main\AndroidManifest.xml:19:61-85
33    <uses-feature
33-->src\main\AndroidManifest.xml:20:5-91
34        android:name="android.hardware.bluetooth_le"
34-->src\main\AndroidManifest.xml:20:19-63
35        android:required="false" />
35-->src\main\AndroidManifest.xml:20:64-88
36    <!--
37 Required to query activities that can process text, see:
38         https://developer.android.com/training/package-visibility and
39         https://developer.android.com/reference/android/content/Intent#ACTION_PROCESS_TEXT.
40
41         In particular, this is used by the Flutter engine in io.flutter.plugin.text.ProcessTextPlugin.
42    -->
43    <queries>
43-->src\main\AndroidManifest.xml:60:5-65:15
44        <intent>
44-->src\main\AndroidManifest.xml:61:9-64:18
45            <action android:name="android.intent.action.PROCESS_TEXT" />
45-->src\main\AndroidManifest.xml:62:13-72
45-->src\main\AndroidManifest.xml:62:21-70
46
47            <data android:mimeType="text/plain" />
47-->src\main\AndroidManifest.xml:63:13-50
47-->src\main\AndroidManifest.xml:63:19-48
48        </intent>
49    </queries>
50
51    <permission
51-->[androidx.core:core:1.16.0] AndroidManifest.xml:22:5-24:47
52        android:name="com.example.features.DYNAMIC_RECEIVER_NOT_EXPORTED_PERMISSION"
52-->[androidx.core:core:1.16.0] AndroidManifest.xml:23:9-81
53        android:protectionLevel="signature" />
53-->[androidx.core:core:1.16.0] AndroidManifest.xml:24:9-44
54
55    <uses-permission android:name="com.example.features.DYNAMIC_RECEIVER_NOT_EXPORTED_PERMISSION" />
55-->[androidx.core:core:1.16.0] AndroidManifest.xml:26:5-97
55-->[androidx.core:core:1.16.0] AndroidManifest.xml:26:22-94
56
57    <application
58        android:name="android.app.Application"
59        android:appComponentFactory="androidx.core.app.CoreComponentFactory"
59-->[androidx.core:core:1.16.0] AndroidManifest.xml:28:18-86
60        android:debuggable="true"
61        android:extractNativeLibs="false"
62        android:icon="@mipmap/ic_launcher"
63        android:label="CricTrax" >
64        <activity
65            android:name="com.example.features.MainActivity"
66            android:configChanges="orientation|keyboardHidden|keyboard|screenSize|smallestScreenSize|locale|layoutDirection|fontScale|screenLayout|density|uiMode"
67            android:exported="true"
68            android:hardwareAccelerated="true"
69            android:launchMode="singleTop"
70            android:taskAffinity=""
71            android:theme="@style/LaunchTheme"
72            android:windowSoftInputMode="adjustResize" >
73
74            <!--
75                 Specifies an Android theme to apply to this Activity as soon as
76                 the Android process has started. This theme is visible to the user
77                 while the Flutter UI initializes. After that, this theme continues
78                 to determine the Window background behind the Flutter UI.
79            -->
80            <meta-data
81                android:name="io.flutter.embedding.android.NormalTheme"
82                android:resource="@style/NormalTheme" />
83
84            <intent-filter>
85                <action android:name="android.intent.action.MAIN" />
86
87                <category android:name="android.intent.category.LAUNCHER" />
88            </intent-filter>
89        </activity>
90        <!--
91             Don't delete the meta-data below.
92             This is used by the Flutter tool to generate GeneratedPluginRegistrant.java
93        -->
94        <meta-data
95            android:name="flutterEmbedding"
96            android:value="2" />
97        <!--
98           Declares a provider which allows us to store files to share in
99           '.../caches/share_plus' and grant the receiving action access
100        -->
101        <provider
101-->[:share_plus] AndroidManifest.xml:13:9-21:20
102            android:name="dev.fluttercommunity.plus.share.ShareFileProvider"
102-->[:share_plus] AndroidManifest.xml:14:13-77
103            android:authorities="com.example.features.flutter.share_provider"
103-->[:share_plus] AndroidManifest.xml:15:13-74
104            android:exported="false"
104-->[:share_plus] AndroidManifest.xml:16:13-37
105            android:grantUriPermissions="true" >
105-->[:share_plus] AndroidManifest.xml:17:13-47
106            <meta-data
106-->[:share_plus] AndroidManifest.xml:18:13-20:68
107                android:name="android.support.FILE_PROVIDER_PATHS"
107-->[:share_plus] AndroidManifest.xml:19:17-67
108                android:resource="@xml/flutter_share_file_paths" />
108-->[:share_plus] AndroidManifest.xml:20:17-65
109        </provider>
110        <!--
111           This manifest declared broadcast receiver allows us to use an explicit
112           Intent when creating a PendingItent to be informed of the user's choice
113        -->
114        <receiver
114-->[:share_plus] AndroidManifest.xml:26:9-32:20
115            android:name="dev.fluttercommunity.plus.share.SharePlusPendingIntent"
115-->[:share_plus] AndroidManifest.xml:27:13-82
116            android:exported="false" >
116-->[:share_plus] AndroidManifest.xml:28:13-37
117            <intent-filter>
117-->[:share_plus] AndroidManifest.xml:29:13-31:29
118                <action android:name="EXTRA_CHOSEN_COMPONENT" />
118-->[:share_plus] AndroidManifest.xml:30:17-65
118-->[:share_plus] AndroidManifest.xml:30:25-62
119            </intent-filter>
120        </receiver>
121
122        <service
122-->[:geolocator_android] AndroidManifest.xml:8:9-12:56
123            android:name="com.baseflow.geolocator.GeolocatorLocationService"
123-->[:geolocator_android] AndroidManifest.xml:9:13-77
124            android:enabled="true"
124-->[:geolocator_android] AndroidManifest.xml:10:13-35
125            android:exported="false"
125-->[:geolocator_android] AndroidManifest.xml:11:13-37
126            android:foregroundServiceType="location" />
126-->[:geolocator_android] AndroidManifest.xml:12:13-53
127
128        <provider
128-->[:printing] AndroidManifest.xml:8:9-16:20
129            android:name="net.nfet.flutter.printing.PrintFileProvider"
129-->[:printing] AndroidManifest.xml:9:13-71
130            android:authorities="com.example.features.flutter.printing"
130-->[:printing] AndroidManifest.xml:10:13-68
131            android:exported="false"
131-->[:printing] AndroidManifest.xml:11:13-37
132            android:grantUriPermissions="true" >
132-->[:printing] AndroidManifest.xml:12:13-47
133            <meta-data
133-->[:share_plus] AndroidManifest.xml:18:13-20:68
134                android:name="android.support.FILE_PROVIDER_PATHS"
134-->[:share_plus] AndroidManifest.xml:19:17-67
135                android:resource="@xml/flutter_printing_file_paths" />
135-->[:share_plus] AndroidManifest.xml:20:17-65
136        </provider>
137
138        <uses-library
138-->[androidx.window:window:1.2.0] AndroidManifest.xml:23:9-25:40
139            android:name="androidx.window.extensions"
139-->[androidx.window:window:1.2.0] AndroidManifest.xml:24:13-54
140            android:required="false" />
140-->[androidx.window:window:1.2.0] AndroidManifest.xml:25:13-37
141        <uses-library
141-->[androidx.window:window:1.2.0] AndroidManifest.xml:26:9-28:40
142            android:name="androidx.window.sidecar"
142-->[androidx.window:window:1.2.0] AndroidManifest.xml:27:13-51
143            android:required="false" />
143-->[androidx.window:window:1.2.0] AndroidManifest.xml:28:13-37
144
145        <activity
145-->[com.google.android.gms:play-services-base:18.3.0] AndroidManifest.xml:20:9-22:45
146            android:name="com.google.android.gms.common.api.GoogleApiActivity"
146-->[com.google.android.gms:play-services-base:18.3.0] AndroidManifest.xml:20:19-85
147            android:exported="false"
147-->[com.google.android.gms:play-services-base:18.3.0] AndroidManifest.xml:22:19-43
148            android:theme="@android:style/Theme.Translucent.NoTitleBar" />
148-->[com.google.android.gms:play-services-base:18.3.0] AndroidManifest.xml:21:19-78
149
150        <meta-data
150-->[com.google.android.gms:play-services-basement:18.3.0] AndroidManifest.xml:21:9-23:69
151            android:name="com.google.android.gms.version"
151-->[com.google.android.gms:play-services-basement:18.3.0] AndroidManifest.xml:22:13-58
152            android:value="@integer/google_play_services_version" />
152-->[com.google.android.gms:play-services-basement:18.3.0] AndroidManifest.xml:23:13-66
153
154        <provider
154-->[androidx.lifecycle:lifecycle-process:2.7.0] AndroidManifest.xml:24:9-32:20
155            android:name="androidx.startup.InitializationProvider"
155-->[androidx.lifecycle:lifecycle-process:2.7.0] AndroidManifest.xml:25:13-67
156            android:authorities="com.example.features.androidx-startup"
156-->[androidx.lifecycle:lifecycle-process:2.7.0] AndroidManifest.xml:26:13-68
157            android:exported="false" >
157-->[androidx.lifecycle:lifecycle-process:2.7.0] AndroidManifest.xml:27:13-37
158            <meta-data
158-->[androidx.lifecycle:lifecycle-process:2.7.0] AndroidManifest.xml:29:13-31:52
159                android:name="androidx.lifecycle.ProcessLifecycleInitializer"
159-->[androidx.lifecycle:lifecycle-process:2.7.0] AndroidManifest.xml:30:17-78
160                android:value="androidx.startup" />
160-->[androidx.lifecycle:lifecycle-process:2.7.0] AndroidManifest.xml:31:17-49
161            <meta-data
161-->[androidx.profileinstaller:profileinstaller:1.3.1] AndroidManifest.xml:29:13-31:52
162                android:name="androidx.profileinstaller.ProfileInstallerInitializer"
162-->[androidx.profileinstaller:profileinstaller:1.3.1] AndroidManifest.xml:30:17-85
163                android:value="androidx.startup" />
163-->[androidx.profileinstaller:profileinstaller:1.3.1] AndroidManifest.xml:31:17-49
164        </provider>
165
166        <receiver
166-->[androidx.profileinstaller:profileinstaller:1.3.1] AndroidManifest.xml:34:9-52:20
167            android:name="androidx.profileinstaller.ProfileInstallReceiver"
167-->[androidx.profileinstaller:profileinstaller:1.3.1] AndroidManifest.xml:35:13-76
168            android:directBootAware="false"
168-->[androidx.profileinstaller:profileinstaller:1.3.1] AndroidManifest.xml:36:13-44
169            android:enabled="true"
169-->[androidx.profileinstaller:profileinstaller:1.3.1] AndroidManifest.xml:37:13-35
170            android:exported="true"
170-->[androidx.profileinstaller:profileinstaller:1.3.1] AndroidManifest.xml:38:13-36
171            android:permission="android.permission.DUMP" >
171-->[androidx.profileinstaller:profileinstaller:1.3.1] AndroidManifest.xml:39:13-57
172            <intent-filter>
172-->[androidx.profileinstaller:profileinstaller:1.3.1] AndroidManifest.xml:40:13-42:29
173                <action android:name="androidx.profileinstaller.action.INSTALL_PROFILE" />
173-->[androidx.profileinstaller:profileinstaller:1.3.1] AndroidManifest.xml:41:17-91
173-->[androidx.profileinstaller:profileinstaller:1.3.1] AndroidManifest.xml:41:25-88
174            </intent-filter>
175            <intent-filter>
175-->[androidx.profileinstaller:profileinstaller:1.3.1] AndroidManifest.xml:43:13-45:29
176                <action android:name="androidx.profileinstaller.action.SKIP_FILE" />
176-->[androidx.profileinstaller:profileinstaller:1.3.1] AndroidManifest.xml:44:17-85
176-->[androidx.profileinstaller:profileinstaller:1.3.1] AndroidManifest.xml:44:25-82
177            </intent-filter>
178            <intent-filter>
178-->[androidx.profileinstaller:profileinstaller:1.3.1] AndroidManifest.xml:46:13-48:29
179                <action android:name="androidx.profileinstaller.action.SAVE_PROFILE" />
179-->[androidx.profileinstaller:profileinstaller:1.3.1] AndroidManifest.xml:47:17-88
179-->[androidx.profileinstaller:profileinstaller:1.3.1] AndroidManifest.xml:47:25-85
180            </intent-filter>
181            <intent-filter>
181-->[androidx.profileinstaller:profileinstaller:1.3.1] AndroidManifest.xml:49:13-51:29
182                <action android:name="androidx.profileinstaller.action.BENCHMARK_OPERATION" />
182-->[androidx.profileinstaller:profileinstaller:1.3.1] AndroidManifest.xml:50:17-95
182-->[androidx.profileinstaller:profileinstaller:1.3.1] AndroidManifest.xml:50:25-92
183            </intent-filter>
184        </receiver>
185    </application>
186
187</manifest>